[2024-04-16 00:13:47,737] multiqc                                            [DEBUG  ]  This is MultiQC v1.21
[2024-04-16 00:13:47,737] multiqc                                            [DEBUG  ]  Command used: /Library/Frameworks/Python.framework/Versions/3.12/bin/multiqc .
[2024-04-16 00:13:48,602] multiqc                                            [DEBUG  ]  Latest MultiQC version is v1.21, released 2024-02-28
[2024-04-16 00:13:48,602] multiqc                                            [DEBUG  ]  Working dir : /Users/divyashreeavnoor/Desktop/RNAseq
[2024-04-16 00:13:48,602] multiqc                                            [DEBUG  ]  Template    : default
[2024-04-16 00:13:48,602] multiqc                                            [DEBUG  ]  Running Python 3.12.3 (v3.12.3:f6650f9ad7, Apr  9 2024, 08:18:47) [Clang 13.0.0 (clang-1300.0.29.30)]
[2024-04-16 00:13:48,603] multiqc                                            [DEBUG  ]  Analysing modules: custom_content, ccs, ngsderive, purple, conpair, isoseq, lima, peddy, somalier, methylqa, mosdepth, phantompeakqualtools, qualimap, bamdst, preseq, hifiasm, quast, qorts, rna_seqc, rockhopper, rsem, rseqc, busco, bustools, goleft_indexcov, gffcompare, disambiguate, supernova, deeptools, sargasso, verifybamid, mirtrace, happy, mirtop, sambamba, gopeaks, homer, hops, macs2, theta2, snpeff, gatk, htseq, bcftools, featureCounts, fgbio, dragen, dragen_fastqc, dedup, pbmarkdup, damageprofiler, mapdamage, biobambam2, jcvi, mtnucratio, picard, vep, bakta, prokka, qc3C, nanostat, samblaster, samtools, sexdeterrmine, seqera_cli, eigenstratdatabasetools, bamtools, jellyfish, vcftools, longranger, stacks, varscan2, snippy, umitools, truvari, megahit, bbmap, bismark, biscuit, diamond, hicexplorer, hicup, hicpro, salmon, kallisto, slamdunk, star, hisat2, tophat, bowtie2, bowtie1, cellranger, snpsplit, odgi, pangolin, nextclade, freyja, humid, kat, leehom, librarian, nonpareil, adapterRemoval, bbduk, clipandmerge, cutadapt, flexbar, sourmash, kaiju, bracken, kraken, malt, motus, trimmomatic, sickle, skewer, sortmerna, biobloomtools, fastq_screen, afterqc, fastp, fastqc, filtlong, prinseqplusplus, pychopper, porechop, pycoqc, minionqc, anglerfish, multivcfanalyzer, clusterflow, checkqc, bcl2fastq, bclconvert, interop, ivar, flash, seqyclean, optitype, whatshap, spaceranger, xenome, xengsort, metaphlan, seqwho
[2024-04-16 00:13:48,604] multiqc                                            [DEBUG  ]  Using temporary directory for creating report: /var/folders/pv/x2l7hwh13g7c3snrw9fwz35h0000gn/T/tmpkqeivfaf
[2024-04-16 00:13:48,606] multiqc                                            [INFO   ]  Search path : /Users/divyashreeavnoor/Desktop/RNAseq
[2024-04-16 00:13:48,623] multiqc                                            [DEBUG  ]  Summary of files that were skipped by the search: [skipped_no_match: 5] // [skipped_ignore_pattern: 3] // [skipped_filesize_limit: 2]
[2024-04-16 00:13:48,678] multiqc                                            [DEBUG  ]  No samples found: custom_content
[2024-04-16 00:13:48,691] multiqc.modules.fastqc.fastqc                      [INFO   ]  Found 2 reports
[2024-04-16 00:13:48,691] multiqc.utils.util_functions                       [DEBUG  ]  Wrote data file multiqc_fastqc.txt
[2024-04-16 00:13:48,793] multiqc.plots.plotly.heatmap                       [DEBUG  ]  Heatmap size: 495x200, px per element: 45.00x100.00
[2024-04-16 00:13:48,799] multiqc.utils.software_versions                    [DEBUG  ]  Reading software versions from config.software_versions
[2024-04-16 00:13:48,800] multiqc.utils.util_functions                       [DEBUG  ]  Wrote data file multiqc_software_versions.txt
[2024-04-16 00:13:48,803] multiqc.utils.util_functions                       [DEBUG  ]  Wrote data file multiqc_general_stats.txt
[2024-04-16 00:13:48,804] multiqc                                            [DEBUG  ]  Compressing plot data
[2024-04-16 00:13:48,834] multiqc.utils.util_functions                       [DEBUG  ]  Wrote data file multiqc_data.json
[2024-04-16 00:13:48,834] multiqc                                            [INFO   ]  Report      : multiqc_report.html
[2024-04-16 00:13:48,834] multiqc                                            [INFO   ]  Data        : multiqc_data
[2024-04-16 00:13:48,834] multiqc                                            [DEBUG  ]  Moving data file from '/var/folders/pv/x2l7hwh13g7c3snrw9fwz35h0000gn/T/tmpkqeivfaf/multiqc_data' to '/Users/divyashreeavnoor/Desktop/RNAseq/multiqc_data'
[2024-04-16 00:13:48,840] multiqc                                            [DEBUG  ]  Full report path: /Users/divyashreeavnoor/Desktop/RNAseq/multiqc_report.html
[2024-04-16 00:13:49,094] multiqc                                            [INFO   ]  MultiQC complete
